<?xml version="1.0" encoding="UTF-8"?>
<testng-results skipped="0" failed="0" total="1" passed="1">
  <reporter-output>
  </reporter-output>
  <suite name="Surefire suite" duration-ms="15612" started-at="2018-12-20T12:18:37Z" finished-at="2018-12-20T12:18:53Z">
    <groups>
    </groups>
    <test name="Surefire test" duration-ms="15612" started-at="2018-12-20T12:18:37Z" finished-at="2018-12-20T12:18:53Z">
      <class name="log4jDemo.Log4jTest">
        <test-method status="PASS" signature="logger()[pri:0, instance:log4jDemo.Log4jTest@1bcffb5]" name="logger" duration-ms="15603" started-at="2018-12-20T17:48:37Z" finished-at="2018-12-20T17:48:53Z">
          <reporter-output>
          </reporter-output>
        </test-method> <!-- logger -->
      </class> <!-- log4jDemo.Log4jTest -->
    </test> <!-- Surefire test -->
  </suite> <!-- Surefire suite -->
</testng-results>
